{"C:\\Users\\FFF\\Desktop\\PLP\\MERN\\week7\\week-7-devops-deployment-assignment-kigenbrandon\\server\\src\\server.js": {"path":"C:\\Users\\FFF\\Desktop\\PLP\\MERN\\week7\\week-7-devops-deployment-assignment-kigenbrandon\\server\\src\\server.js","statementMap":{"0":{"start":{"line":1,"column":16},"end":{"line":1,"column":34}},"1":{"start":{"line":2,"column":13},"end":{"line":2,"column":28}},"2":{"start":{"line":3,"column":15},"end":{"line":3,"column":32}},"3":{"start":{"line":4,"column":18},"end":{"line":4,"column":47}},"4":{"start":{"line":5,"column":15},"end":{"line":5,"column":32}},"5":{"start":{"line":6,"column":22},"end":{"line":6,"column":53}},"6":{"start":{"line":7,"column":25},"end":{"line":7,"column":64}},"7":{"start":{"line":8,"column":21},"end":{"line":8,"column":56}},"8":{"start":{"line":9,"column":18},"end":{"line":9,"column":50}},"9":{"start":{"line":11,"column":0},"end":{"line":11,"column":16}},"10":{"start":{"line":13,"column":12},"end":{"line":13,"column":21}},"11":{"start":{"line":14,"column":13},"end":{"line":14,"column":37}},"12":{"start":{"line":17,"column":0},"end":{"line":17,"column":18}},"13":{"start":{"line":20,"column":16},"end":{"line":24,"column":2}},"14":{"start":{"line":25,"column":0},"end":{"line":25,"column":26}},"15":{"start":{"line":28,"column":0},"end":{"line":31,"column":4}},"16":{"start":{"line":34,"column":0},"end":{"line":34,"column":41}},"17":{"start":{"line":35,"column":0},"end":{"line":35,"column":63}},"18":{"start":{"line":38,"column":0},"end":{"line":40,"column":1}},"19":{"start":{"line":39,"column":2},"end":{"line":39,"column":14}},"20":{"start":{"line":43,"column":0},"end":{"line":43,"column":32}},"21":{"start":{"line":46,"column":0},"end":{"line":52,"column":3}},"22":{"start":{"line":47,"column":2},"end":{"line":51,"column":5}},"23":{"start":{"line":55,"column":0},"end":{"line":55,"column":18}},"24":{"start":{"line":56,"column":0},"end":{"line":56,"column":22}},"25":{"start":{"line":59,"column":0},"end":{"line":64,"column":1}},"26":{"start":{"line":60,"column":2},"end":{"line":63,"column":5}},"27":{"start":{"line":61,"column":4},"end":{"line":61,"column":53}},"28":{"start":{"line":62,"column":4},"end":{"line":62,"column":59}},"29":{"start":{"line":66,"column":0},"end":{"line":66,"column":21}}},"fnMap":{"0":{"name":"(anonymous_0)","decl":{"start":{"line":46,"column":23},"end":{"line":46,"column":24}},"loc":{"start":{"line":46,"column":37},"end":{"line":52,"column":1}},"line":46},"1":{"name":"(anonymous_1)","decl":{"start":{"line":60,"column":19},"end":{"line":60,"column":20}},"loc":{"start":{"line":60,"column":25},"end":{"line":63,"column":3}},"line":60}},"branchMap":{"0":{"loc":{"start":{"line":14,"column":13},"end":{"line":14,"column":37}},"type":"binary-expr","locations":[{"start":{"line":14,"column":13},"end":{"line":14,"column":29}},{"start":{"line":14,"column":33},"end":{"line":14,"column":37}}],"line":14},"1":{"loc":{"start":{"line":29,"column":10},"end":{"line":29,"column":60}},"type":"binary-expr","locations":[{"start":{"line":29,"column":10},"end":{"line":29,"column":33}},{"start":{"line":29,"column":37},"end":{"line":29,"column":60}}],"line":29},"2":{"loc":{"start":{"line":38,"column":0},"end":{"line":40,"column":1}},"type":"if","locations":[{"start":{"line":38,"column":0},"end":{"line":40,"column":1}},{"start":{},"end":{}}],"line":38},"3":{"loc":{"start":{"line":59,"column":0},"end":{"line":64,"column":1}},"type":"if","locations":[{"start":{"line":59,"column":0},"end":{"line":64,"column":1}},{"start":{},"end":{}}],"line":59}},"s":{"0":2,"1":2,"2":2,"3":2,"4":2,"5":2,"6":2,"7":2,"8":2,"9":2,"10":2,"11":2,"12":2,"13":2,"14":2,"15":2,"16":2,"17":2,"18":2,"19":0,"20":2,"21":2,"22":0,"23":2,"24":2,"25":2,"26":0,"27":0,"28":0,"29":2},"f":{"0":0,"1":0},"b":{"0":[2,0],"1":[2,0],"2":[0,2],"3":[0,2]},"_coverageSchema":"1a1c01bbd47fc00a2c39e90264f33305004495a9","hash":"60ab5e9fc159f8c6d13d6b13dfe84321b7b07768"}
,"C:\\Users\\FFF\\Desktop\\PLP\\MERN\\week7\\week-7-devops-deployment-assignment-kigenbrandon\\server\\src\\config\\database.js": {"path":"C:\\Users\\FFF\\Desktop\\PLP\\MERN\\week7\\week-7-devops-deployment-assignment-kigenbrandon\\server\\src\\config\\database.js","statementMap":{"0":{"start":{"line":1,"column":17},"end":{"line":1,"column":36}},"1":{"start":{"line":3,"column":18},"end":{"line":16,"column":1}},"2":{"start":{"line":4,"column":2},"end":{"line":15,"column":3}},"3":{"start":{"line":5,"column":17},"end":{"line":8,"column":6}},"4":{"start":{"line":10,"column":4},"end":{"line":10,"column":64}},"5":{"start":{"line":11,"column":4},"end":{"line":11,"column":16}},"6":{"start":{"line":13,"column":4},"end":{"line":13,"column":65}},"7":{"start":{"line":14,"column":4},"end":{"line":14,"column":20}},"8":{"start":{"line":18,"column":21},"end":{"line":25,"column":1}},"9":{"start":{"line":19,"column":2},"end":{"line":24,"column":3}},"10":{"start":{"line":20,"column":4},"end":{"line":20,"column":38}},"11":{"start":{"line":21,"column":4},"end":{"line":21,"column":42}},"12":{"start":{"line":23,"column":4},"end":{"line":23,"column":68}},"13":{"start":{"line":27,"column":0},"end":{"line":30,"column":2}}},"fnMap":{"0":{"name":"(anonymous_0)","decl":{"start":{"line":3,"column":18},"end":{"line":3,"column":19}},"loc":{"start":{"line":3,"column":30},"end":{"line":16,"column":1}},"line":3},"1":{"name":"(anonymous_1)","decl":{"start":{"line":18,"column":21},"end":{"line":18,"column":22}},"loc":{"start":{"line":18,"column":33},"end":{"line":25,"column":1}},"line":18}},"branchMap":{},"s":{"0":2,"1":2,"2":0,"3":0,"4":0,"5":0,"6":0,"7":0,"8":2,"9":0,"10":0,"11":0,"12":0,"13":2},"f":{"0":0,"1":0},"b":{},"_coverageSchema":"1a1c01bbd47fc00a2c39e90264f33305004495a9","hash":"9003162f2763802da774676c22fffc14d88e4b03"}
,"C:\\Users\\FFF\\Desktop\\PLP\\MERN\\week7\\week-7-devops-deployment-assignment-kigenbrandon\\server\\src\\controllers\\bugController.js": {"path":"C:\\Users\\FFF\\Desktop\\PLP\\MERN\\week7\\week-7-devops-deployment-assignment-kigenbrandon\\server\\src\\controllers\\bugController.js","statementMap":{"0":{"start":{"line":1,"column":12},"end":{"line":1,"column":39}},"1":{"start":{"line":2,"column":43},"end":{"line":2,"column":76}},"2":{"start":{"line":7,"column":16},"end":{"line":47,"column":1}},"3":{"start":{"line":8,"column":2},"end":{"line":46,"column":3}},"4":{"start":{"line":9,"column":4},"end":{"line":9,"column":63}},"5":{"start":{"line":11,"column":17},"end":{"line":11,"column":46}},"6":{"start":{"line":12,"column":18},"end":{"line":12,"column":49}},"7":{"start":{"line":13,"column":17},"end":{"line":13,"column":35}},"8":{"start":{"line":15,"column":19},"end":{"line":15,"column":21}},"9":{"start":{"line":18,"column":4},"end":{"line":18,"column":59}},"10":{"start":{"line":18,"column":26},"end":{"line":18,"column":59}},"11":{"start":{"line":19,"column":4},"end":{"line":19,"column":65}},"12":{"start":{"line":19,"column":28},"end":{"line":19,"column":65}},"13":{"start":{"line":20,"column":4},"end":{"line":20,"column":65}},"14":{"start":{"line":20,"column":28},"end":{"line":20,"column":65}},"15":{"start":{"line":22,"column":4},"end":{"line":22,"column":47}},"16":{"start":{"line":24,"column":17},"end":{"line":27,"column":17}},"17":{"start":{"line":29,"column":18},"end":{"line":29,"column":50}},"18":{"start":{"line":31,"column":4},"end":{"line":31,"column":69}},"19":{"start":{"line":33,"column":4},"end":{"line":42,"column":7}},"20":{"start":{"line":44,"column":4},"end":{"line":44,"column":48}},"21":{"start":{"line":45,"column":4},"end":{"line":45,"column":16}},"22":{"start":{"line":52,"column":15},"end":{"line":82,"column":1}},"23":{"start":{"line":53,"column":2},"end":{"line":81,"column":3}},"24":{"start":{"line":54,"column":4},"end":{"line":54,"column":61}},"25":{"start":{"line":56,"column":16},"end":{"line":56,"column":49}},"26":{"start":{"line":58,"column":4},"end":{"line":64,"column":5}},"27":{"start":{"line":59,"column":6},"end":{"line":59,"column":37}},"28":{"start":{"line":60,"column":6},"end":{"line":63,"column":9}},"29":{"start":{"line":66,"column":4},"end":{"line":66,"column":43}},"30":{"start":{"line":68,"column":4},"end":{"line":71,"column":7}},"31":{"start":{"line":73,"column":4},"end":{"line":73,"column":47}},"32":{"start":{"line":74,"column":4},"end":{"line":79,"column":5}},"33":{"start":{"line":75,"column":6},"end":{"line":78,"column":9}},"34":{"start":{"line":80,"column":4},"end":{"line":80,"column":16}},"35":{"start":{"line":87,"column":18},"end":{"line":135,"column":1}},"36":{"start":{"line":88,"column":2},"end":{"line":134,"column":3}},"37":{"start":{"line":89,"column":4},"end":{"line":89,"column":50}},"38":{"start":{"line":92,"column":26},"end":{"line":100,"column":5}},"39":{"start":{"line":103,"column":23},"end":{"line":103,"column":53}},"40":{"start":{"line":104,"column":4},"end":{"line":111,"column":5}},"41":{"start":{"line":105,"column":6},"end":{"line":105,"column":61}},"42":{"start":{"line":106,"column":6},"end":{"line":110,"column":9}},"43":{"start":{"line":113,"column":16},"end":{"line":113,"column":47}},"44":{"start":{"line":114,"column":4},"end":{"line":114,"column":56}},"45":{"start":{"line":116,"column":4},"end":{"line":120,"column":7}},"46":{"start":{"line":122,"column":4},"end":{"line":122,"column":50}},"47":{"start":{"line":124,"column":4},"end":{"line":131,"column":5}},"48":{"start":{"line":125,"column":21},"end":{"line":125,"column":72}},"49":{"start":{"line":125,"column":60},"end":{"line":125,"column":71}},"50":{"start":{"line":126,"column":6},"end":{"line":130,"column":9}},"51":{"start":{"line":133,"column":4},"end":{"line":133,"column":16}},"52":{"start":{"line":140,"column":18},"end":{"line":211,"column":1}},"53":{"start":{"line":141,"column":2},"end":{"line":210,"column":3}},"54":{"start":{"line":142,"column":4},"end":{"line":142,"column":63}},"55":{"start":{"line":145,"column":26},"end":{"line":153,"column":5}},"56":{"start":{"line":156,"column":23},"end":{"line":156,"column":53}},"57":{"start":{"line":157,"column":4},"end":{"line":164,"column":5}},"58":{"start":{"line":158,"column":6},"end":{"line":158,"column":61}},"59":{"start":{"line":159,"column":6},"end":{"line":163,"column":9}},"60":{"start":{"line":166,"column":16},"end":{"line":173,"column":5}},"61":{"start":{"line":175,"column":4},"end":{"line":181,"column":5}},"62":{"start":{"line":176,"column":6},"end":{"line":176,"column":48}},"63":{"start":{"line":177,"column":6},"end":{"line":180,"column":9}},"64":{"start":{"line":183,"column":4},"end":{"line":183,"column":46}},"65":{"start":{"line":185,"column":4},"end":{"line":189,"column":7}},"66":{"start":{"line":191,"column":4},"end":{"line":191,"column":50}},"67":{"start":{"line":193,"column":4},"end":{"line":198,"column":5}},"68":{"start":{"line":194,"column":6},"end":{"line":197,"column":9}},"69":{"start":{"line":200,"column":4},"end":{"line":207,"column":5}},"70":{"start":{"line":201,"column":21},"end":{"line":201,"column":72}},"71":{"start":{"line":201,"column":60},"end":{"line":201,"column":71}},"72":{"start":{"line":202,"column":6},"end":{"line":206,"column":9}},"73":{"start":{"line":209,"column":4},"end":{"line":209,"column":16}},"74":{"start":{"line":216,"column":18},"end":{"line":248,"column":1}},"75":{"start":{"line":217,"column":2},"end":{"line":247,"column":3}},"76":{"start":{"line":218,"column":4},"end":{"line":218,"column":53}},"77":{"start":{"line":220,"column":16},"end":{"line":220,"column":58}},"78":{"start":{"line":222,"column":4},"end":{"line":228,"column":5}},"79":{"start":{"line":223,"column":6},"end":{"line":223,"column":50}},"80":{"start":{"line":224,"column":6},"end":{"line":227,"column":9}},"81":{"start":{"line":230,"column":4},"end":{"line":230,"column":46}},"82":{"start":{"line":232,"column":4},"end":{"line":235,"column":7}},"83":{"start":{"line":237,"column":4},"end":{"line":237,"column":50}},"84":{"start":{"line":239,"column":4},"end":{"line":244,"column":5}},"85":{"start":{"line":240,"column":6},"end":{"line":243,"column":9}},"86":{"start":{"line":246,"column":4},"end":{"line":246,"column":16}},"87":{"start":{"line":250,"column":0},"end":{"line":256,"column":2}}},"fnMap":{"0":{"name":"(anonymous_0)","decl":{"start":{"line":7,"column":16},"end":{"line":7,"column":17}},"loc":{"start":{"line":7,"column":42},"end":{"line":47,"column":1}},"line":7},"1":{"name":"(anonymous_1)","decl":{"start":{"line":52,"column":15},"end":{"line":52,"column":16}},"loc":{"start":{"line":52,"column":41},"end":{"line":82,"column":1}},"line":52},"2":{"name":"(anonymous_2)","decl":{"start":{"line":87,"column":18},"end":{"line":87,"column":19}},"loc":{"start":{"line":87,"column":44},"end":{"line":135,"column":1}},"line":87},"3":{"name":"(anonymous_3)","decl":{"start":{"line":125,"column":53},"end":{"line":125,"column":54}},"loc":{"start":{"line":125,"column":60},"end":{"line":125,"column":71}},"line":125},"4":{"name":"(anonymous_4)","decl":{"start":{"line":140,"column":18},"end":{"line":140,"column":19}},"loc":{"start":{"line":140,"column":44},"end":{"line":211,"column":1}},"line":140},"5":{"name":"(anonymous_5)","decl":{"start":{"line":201,"column":53},"end":{"line":201,"column":54}},"loc":{"start":{"line":201,"column":60},"end":{"line":201,"column":71}},"line":201},"6":{"name":"(anonymous_6)","decl":{"start":{"line":216,"column":18},"end":{"line":216,"column":19}},"loc":{"start":{"line":216,"column":44},"end":{"line":248,"column":1}},"line":216}},"branchMap":{"0":{"loc":{"start":{"line":11,"column":17},"end":{"line":11,"column":46}},"type":"binary-expr","locations":[{"start":{"line":11,"column":17},"end":{"line":11,"column":41}},{"start":{"line":11,"column":45},"end":{"line":11,"column":46}}],"line":11},"1":{"loc":{"start":{"line":12,"column":18},"end":{"line":12,"column":49}},"type":"binary-expr","locations":[{"start":{"line":12,"column":18},"end":{"line":12,"column":43}},{"start":{"line":12,"column":47},"end":{"line":12,"column":49}}],"line":12},"2":{"loc":{"start":{"line":18,"column":4},"end":{"line":18,"column":59}},"type":"if","locations":[{"start":{"line":18,"column":4},"end":{"line":18,"column":59}},{"start":{},"end":{}}],"line":18},"3":{"loc":{"start":{"line":19,"column":4},"end":{"line":19,"column":65}},"type":"if","locations":[{"start":{"line":19,"column":4},"end":{"line":19,"column":65}},{"start":{},"end":{}}],"line":19},"4":{"loc":{"start":{"line":20,"column":4},"end":{"line":20,"column":65}},"type":"if","locations":[{"start":{"line":20,"column":4},"end":{"line":20,"column":65}},{"start":{},"end":{}}],"line":20},"5":{"loc":{"start":{"line":58,"column":4},"end":{"line":64,"column":5}},"type":"if","locations":[{"start":{"line":58,"column":4},"end":{"line":64,"column":5}},{"start":{},"end":{}}],"line":58},"6":{"loc":{"start":{"line":74,"column":4},"end":{"line":79,"column":5}},"type":"if","locations":[{"start":{"line":74,"column":4},"end":{"line":79,"column":5}},{"start":{},"end":{}}],"line":74},"7":{"loc":{"start":{"line":104,"column":4},"end":{"line":111,"column":5}},"type":"if","locations":[{"start":{"line":104,"column":4},"end":{"line":111,"column":5}},{"start":{},"end":{}}],"line":104},"8":{"loc":{"start":{"line":124,"column":4},"end":{"line":131,"column":5}},"type":"if","locations":[{"start":{"line":124,"column":4},"end":{"line":131,"column":5}},{"start":{},"end":{}}],"line":124},"9":{"loc":{"start":{"line":157,"column":4},"end":{"line":164,"column":5}},"type":"if","locations":[{"start":{"line":157,"column":4},"end":{"line":164,"column":5}},{"start":{},"end":{}}],"line":157},"10":{"loc":{"start":{"line":175,"column":4},"end":{"line":181,"column":5}},"type":"if","locations":[{"start":{"line":175,"column":4},"end":{"line":181,"column":5}},{"start":{},"end":{}}],"line":175},"11":{"loc":{"start":{"line":193,"column":4},"end":{"line":198,"column":5}},"type":"if","locations":[{"start":{"line":193,"column":4},"end":{"line":198,"column":5}},{"start":{},"end":{}}],"line":193},"12":{"loc":{"start":{"line":200,"column":4},"end":{"line":207,"column":5}},"type":"if","locations":[{"start":{"line":200,"column":4},"end":{"line":207,"column":5}},{"start":{},"end":{}}],"line":200},"13":{"loc":{"start":{"line":222,"column":4},"end":{"line":228,"column":5}},"type":"if","locations":[{"start":{"line":222,"column":4},"end":{"line":228,"column":5}},{"start":{},"end":{}}],"line":222},"14":{"loc":{"start":{"line":239,"column":4},"end":{"line":244,"column":5}},"type":"if","locations":[{"start":{"line":239,"column":4},"end":{"line":244,"column":5}},{"start":{},"end":{}}],"line":239}},"s":{"0":2,"1":2,"2":2,"3":0,"4":0,"5":0,"6":0,"7":0,"8":0,"9":0,"10":0,"11":0,"12":0,"13":0,"14":0,"15":0,"16":0,"17":0,"18":0,"19":0,"20":0,"21":0,"22":2,"23":0,"24":0,"25":0,"26":0,"27":0,"28":0,"29":0,"30":0,"31":0,"32":0,"33":0,"34":0,"35":2,"36":4,"37":4,"38":4,"39":4,"40":4,"41":2,"42":2,"43":2,"44":0,"45":0,"46":2,"47":2,"48":0,"49":0,"50":0,"51":2,"52":2,"53":0,"54":0,"55":0,"56":0,"57":0,"58":0,"59":0,"60":0,"61":0,"62":0,"63":0,"64":0,"65":0,"66":0,"67":0,"68":0,"69":0,"70":0,"71":0,"72":0,"73":0,"74":2,"75":0,"76":0,"77":0,"78":0,"79":0,"80":0,"81":0,"82":0,"83":0,"84":0,"85":0,"86":0,"87":2},"f":{"0":0,"1":0,"2":4,"3":0,"4":0,"5":0,"6":0},"b":{"0":[0,0],"1":[0,0],"2":[0,0],"3":[0,0],"4":[0,0],"5":[0,0],"6":[0,0],"7":[2,2],"8":[0,2],"9":[0,0],"10":[0,0],"11":[0,0],"12":[0,0],"13":[0,0],"14":[0,0]},"_coverageSchema":"1a1c01bbd47fc00a2c39e90264f33305004495a9","hash":"0b7e65bd5b918f3f0b82d7c9b54ec3ea51c2500f"}
,"C:\\Users\\FFF\\Desktop\\PLP\\MERN\\week7\\week-7-devops-deployment-assignment-kigenbrandon\\server\\src\\middleware\\errorHandler.js": {"path":"C:\\Users\\FFF\\Desktop\\PLP\\MERN\\week7\\week-7-devops-deployment-assignment-kigenbrandon\\server\\src\\middleware\\errorHandler.js","statementMap":{"0":{"start":{"line":1,"column":21},"end":{"line":40,"column":1}},"1":{"start":{"line":2,"column":2},"end":{"line":2,"column":48}},"2":{"start":{"line":4,"column":14},"end":{"line":4,"column":24}},"3":{"start":{"line":5,"column":2},"end":{"line":5,"column":30}},"4":{"start":{"line":8,"column":2},"end":{"line":15,"column":5}},"5":{"start":{"line":18,"column":2},"end":{"line":21,"column":3}},"6":{"start":{"line":19,"column":20},"end":{"line":19,"column":40}},"7":{"start":{"line":20,"column":4},"end":{"line":20,"column":41}},"8":{"start":{"line":24,"column":2},"end":{"line":27,"column":3}},"9":{"start":{"line":25,"column":20},"end":{"line":25,"column":51}},"10":{"start":{"line":26,"column":4},"end":{"line":26,"column":41}},"11":{"start":{"line":30,"column":2},"end":{"line":33,"column":3}},"12":{"start":{"line":31,"column":20},"end":{"line":31,"column":80}},"13":{"start":{"line":31,"column":57},"end":{"line":31,"column":68}},"14":{"start":{"line":32,"column":4},"end":{"line":32,"column":41}},"15":{"start":{"line":35,"column":2},"end":{"line":39,"column":5}},"16":{"start":{"line":42,"column":0},"end":{"line":44,"column":2}}},"fnMap":{"0":{"name":"(anonymous_0)","decl":{"start":{"line":1,"column":21},"end":{"line":1,"column":22}},"loc":{"start":{"line":1,"column":46},"end":{"line":40,"column":1}},"line":1},"1":{"name":"(anonymous_1)","decl":{"start":{"line":31,"column":50},"end":{"line":31,"column":51}},"loc":{"start":{"line":31,"column":57},"end":{"line":31,"column":68}},"line":31}},"branchMap":{"0":{"loc":{"start":{"line":18,"column":2},"end":{"line":21,"column":3}},"type":"if","locations":[{"start":{"line":18,"column":2},"end":{"line":21,"column":3}},{"start":{},"end":{}}],"line":18},"1":{"loc":{"start":{"line":24,"column":2},"end":{"line":27,"column":3}},"type":"if","locations":[{"start":{"line":24,"column":2},"end":{"line":27,"column":3}},{"start":{},"end":{}}],"line":24},"2":{"loc":{"start":{"line":30,"column":2},"end":{"line":33,"column":3}},"type":"if","locations":[{"start":{"line":30,"column":2},"end":{"line":33,"column":3}},{"start":{},"end":{}}],"line":30},"3":{"loc":{"start":{"line":35,"column":13},"end":{"line":35,"column":36}},"type":"binary-expr","locations":[{"start":{"line":35,"column":13},"end":{"line":35,"column":29}},{"start":{"line":35,"column":33},"end":{"line":35,"column":36}}],"line":35},"4":{"loc":{"start":{"line":37,"column":13},"end":{"line":37,"column":44}},"type":"binary-expr","locations":[{"start":{"line":37,"column":13},"end":{"line":37,"column":26}},{"start":{"line":37,"column":30},"end":{"line":37,"column":44}}],"line":37},"5":{"loc":{"start":{"line":38,"column":8},"end":{"line":38,"column":70}},"type":"binary-expr","locations":[{"start":{"line":38,"column":8},"end":{"line":38,"column":46}},{"start":{"line":38,"column":50},"end":{"line":38,"column":70}}],"line":38}},"s":{"0":2,"1":2,"2":2,"3":2,"4":2,"5":2,"6":0,"7":0,"8":2,"9":0,"10":0,"11":2,"12":0,"13":0,"14":0,"15":2,"16":2},"f":{"0":2,"1":0},"b":{"0":[0,2],"1":[0,2],"2":[0,2],"3":[2,2],"4":[2,0],"5":[2,0]},"_coverageSchema":"1a1c01bbd47fc00a2c39e90264f33305004495a9","hash":"dfc5675e5730a1764ec78e2d39bf23f86df82905"}
,"C:\\Users\\FFF\\Desktop\\PLP\\MERN\\week7\\week-7-devops-deployment-assignment-kigenbrandon\\server\\src\\middleware\\notFound.js": {"path":"C:\\Users\\FFF\\Desktop\\PLP\\MERN\\week7\\week-7-devops-deployment-assignment-kigenbrandon\\server\\src\\middleware\\notFound.js","statementMap":{"0":{"start":{"line":1,"column":17},"end":{"line":7,"column":1}},"1":{"start":{"line":2,"column":2},"end":{"line":2,"column":70}},"2":{"start":{"line":4,"column":16},"end":{"line":4,"column":59}},"3":{"start":{"line":5,"column":2},"end":{"line":5,"column":18}},"4":{"start":{"line":6,"column":2},"end":{"line":6,"column":14}},"5":{"start":{"line":9,"column":0},"end":{"line":11,"column":2}}},"fnMap":{"0":{"name":"(anonymous_0)","decl":{"start":{"line":1,"column":17},"end":{"line":1,"column":18}},"loc":{"start":{"line":1,"column":37},"end":{"line":7,"column":1}},"line":1}},"branchMap":{},"s":{"0":2,"1":0,"2":0,"3":0,"4":0,"5":2},"f":{"0":0},"b":{},"_coverageSchema":"1a1c01bbd47fc00a2c39e90264f33305004495a9","hash":"bbc917b32c6bc68dff24ff6f93f2377a9f2c59e1"}
,"C:\\Users\\FFF\\Desktop\\PLP\\MERN\\week7\\week-7-devops-deployment-assignment-kigenbrandon\\server\\src\\models\\Bug.js": {"path":"C:\\Users\\FFF\\Desktop\\PLP\\MERN\\week7\\week-7-devops-deployment-assignment-kigenbrandon\\server\\src\\models\\Bug.js","statementMap":{"0":{"start":{"line":1,"column":17},"end":{"line":1,"column":36}},"1":{"start":{"line":3,"column":18},"end":{"line":66,"column":2}},"2":{"start":{"line":69,"column":0},"end":{"line":69,"column":31}},"3":{"start":{"line":70,"column":0},"end":{"line":70,"column":33}},"4":{"start":{"line":71,"column":0},"end":{"line":71,"column":33}},"5":{"start":{"line":72,"column":0},"end":{"line":72,"column":35}},"6":{"start":{"line":74,"column":0},"end":{"line":74,"column":50}}},"fnMap":{},"branchMap":{},"s":{"0":2,"1":2,"2":2,"3":2,"4":2,"5":2,"6":2},"f":{},"b":{},"_coverageSchema":"1a1c01bbd47fc00a2c39e90264f33305004495a9","hash":"9bee1b3e022ef84dd30fd4fc8b4ed0023df160e0"}
,"C:\\Users\\FFF\\Desktop\\PLP\\MERN\\week7\\week-7-devops-deployment-assignment-kigenbrandon\\server\\src\\routes\\bugRoutes.js": {"path":"C:\\Users\\FFF\\Desktop\\PLP\\MERN\\week7\\week-7-devops-deployment-assignment-kigenbrandon\\server\\src\\routes\\bugRoutes.js","statementMap":{"0":{"start":{"line":1,"column":16},"end":{"line":1,"column":34}},"1":{"start":{"line":8,"column":4},"end":{"line":8,"column":46}},"2":{"start":{"line":10,"column":15},"end":{"line":10,"column":31}},"3":{"start":{"line":12,"column":0},"end":{"line":14,"column":19}},"4":{"start":{"line":16,"column":0},"end":{"line":19,"column":21}},"5":{"start":{"line":21,"column":0},"end":{"line":21,"column":24}}},"fnMap":{},"branchMap":{},"s":{"0":2,"1":2,"2":2,"3":2,"4":2,"5":2},"f":{},"b":{},"_coverageSchema":"1a1c01bbd47fc00a2c39e90264f33305004495a9","hash":"8ff287bbef86fb916b3f9e01798dbca5a4589730"}
,"C:\\Users\\FFF\\Desktop\\PLP\\MERN\\week7\\week-7-devops-deployment-assignment-kigenbrandon\\server\\src\\utils\\validation.js": {"path":"C:\\Users\\FFF\\Desktop\\PLP\\MERN\\week7\\week-7-devops-deployment-assignment-kigenbrandon\\server\\src\\utils\\validation.js","statementMap":{"0":{"start":{"line":1,"column":24},"end":{"line":40,"column":1}},"1":{"start":{"line":2,"column":17},"end":{"line":2,"column":19}},"2":{"start":{"line":5,"column":2},"end":{"line":9,"column":3}},"3":{"start":{"line":6,"column":4},"end":{"line":6,"column":37}},"4":{"start":{"line":7,"column":9},"end":{"line":9,"column":3}},"5":{"start":{"line":8,"column":4},"end":{"line":8,"column":54}},"6":{"start":{"line":12,"column":2},"end":{"line":16,"column":3}},"7":{"start":{"line":13,"column":4},"end":{"line":13,"column":43}},"8":{"start":{"line":14,"column":9},"end":{"line":16,"column":3}},"9":{"start":{"line":15,"column":4},"end":{"line":15,"column":61}},"10":{"start":{"line":19,"column":26},"end":{"line":19,"column":63}},"11":{"start":{"line":20,"column":2},"end":{"line":22,"column":3}},"12":{"start":{"line":21,"column":4},"end":{"line":21,"column":68}},"13":{"start":{"line":25,"column":24},"end":{"line":25,"column":69}},"14":{"start":{"line":26,"column":2},"end":{"line":28,"column":3}},"15":{"start":{"line":27,"column":4},"end":{"line":27,"column":74}},"16":{"start":{"line":31,"column":26},"end":{"line":31,"column":51}},"17":{"start":{"line":32,"column":2},"end":{"line":34,"column":3}},"18":{"start":{"line":33,"column":4},"end":{"line":33,"column":58}},"19":{"start":{"line":36,"column":2},"end":{"line":39,"column":4}},"20":{"start":{"line":43,"column":2},"end":{"line":43,"column":46}},"21":{"start":{"line":43,"column":33},"end":{"line":43,"column":46}},"22":{"start":{"line":46,"column":18},"end":{"line":46,"column":65}},"23":{"start":{"line":49,"column":2},"end":{"line":49,"column":58}},"24":{"start":{"line":52,"column":2},"end":{"line":52,"column":53}},"25":{"start":{"line":55,"column":2},"end":{"line":55,"column":26}},"26":{"start":{"line":58,"column":0},"end":{"line":61,"column":2}}},"fnMap":{"0":{"name":"(anonymous_0)","decl":{"start":{"line":1,"column":24},"end":{"line":1,"column":25}},"loc":{"start":{"line":1,"column":37},"end":{"line":40,"column":1}},"line":1},"1":{"name":"sanitizeInput","decl":{"start":{"line":42,"column":9},"end":{"line":42,"column":22}},"loc":{"start":{"line":42,"column":30},"end":{"line":56,"column":1}},"line":42}},"branchMap":{"0":{"loc":{"start":{"line":5,"column":2},"end":{"line":9,"column":3}},"type":"if","locations":[{"start":{"line":5,"column":2},"end":{"line":9,"column":3}},{"start":{"line":7,"column":9},"end":{"line":9,"column":3}}],"line":5},"1":{"loc":{"start":{"line":5,"column":6},"end":{"line":5,"column":57}},"type":"binary-expr","locations":[{"start":{"line":5,"column":6},"end":{"line":5,"column":20}},{"start":{"line":5,"column":24},"end":{"line":5,"column":57}}],"line":5},"2":{"loc":{"start":{"line":7,"column":9},"end":{"line":9,"column":3}},"type":"if","locations":[{"start":{"line":7,"column":9},"end":{"line":9,"column":3}},{"start":{},"end":{}}],"line":7},"3":{"loc":{"start":{"line":12,"column":2},"end":{"line":16,"column":3}},"type":"if","locations":[{"start":{"line":12,"column":2},"end":{"line":16,"column":3}},{"start":{"line":14,"column":9},"end":{"line":16,"column":3}}],"line":12},"4":{"loc":{"start":{"line":12,"column":6},"end":{"line":12,"column":69}},"type":"binary-expr","locations":[{"start":{"line":12,"column":6},"end":{"line":12,"column":26}},{"start":{"line":12,"column":30},"end":{"line":12,"column":69}}],"line":12},"5":{"loc":{"start":{"line":14,"column":9},"end":{"line":16,"column":3}},"type":"if","locations":[{"start":{"line":14,"column":9},"end":{"line":16,"column":3}},{"start":{},"end":{}}],"line":14},"6":{"loc":{"start":{"line":20,"column":2},"end":{"line":22,"column":3}},"type":"if","locations":[{"start":{"line":20,"column":2},"end":{"line":22,"column":3}},{"start":{},"end":{}}],"line":20},"7":{"loc":{"start":{"line":20,"column":6},"end":{"line":20,"column":69}},"type":"binary-expr","locations":[{"start":{"line":20,"column":6},"end":{"line":20,"column":22}},{"start":{"line":20,"column":26},"end":{"line":20,"column":69}}],"line":20},"8":{"loc":{"start":{"line":26,"column":2},"end":{"line":28,"column":3}},"type":"if","locations":[{"start":{"line":26,"column":2},"end":{"line":28,"column":3}},{"start":{},"end":{}}],"line":26},"9":{"loc":{"start":{"line":26,"column":6},"end":{"line":26,"column":63}},"type":"binary-expr","locations":[{"start":{"line":26,"column":6},"end":{"line":26,"column":20}},{"start":{"line":26,"column":24},"end":{"line":26,"column":63}}],"line":26},"10":{"loc":{"start":{"line":32,"column":2},"end":{"line":34,"column":3}},"type":"if","locations":[{"start":{"line":32,"column":2},"end":{"line":34,"column":3}},{"start":{},"end":{}}],"line":32},"11":{"loc":{"start":{"line":32,"column":6},"end":{"line":32,"column":69}},"type":"binary-expr","locations":[{"start":{"line":32,"column":6},"end":{"line":32,"column":22}},{"start":{"line":32,"column":26},"end":{"line":32,"column":69}}],"line":32},"12":{"loc":{"start":{"line":43,"column":2},"end":{"line":43,"column":46}},"type":"if","locations":[{"start":{"line":43,"column":2},"end":{"line":43,"column":46}},{"start":{},"end":{}}],"line":43}},"s":{"0":3,"1":9,"2":9,"3":2,"4":7,"5":1,"6":9,"7":2,"8":7,"9":0,"10":9,"11":9,"12":1,"13":9,"14":9,"15":0,"16":9,"17":9,"18":0,"19":9,"20":29,"21":7,"22":22,"23":22,"24":22,"25":22,"26":3},"f":{"0":9,"1":29},"b":{"0":[2,7],"1":[9,7],"2":[1,6],"3":[2,7],"4":[9,7],"5":[0,7],"6":[1,8],"7":[9,6],"8":[0,9],"9":[9,5],"10":[0,9],"11":[9,5],"12":[7,22]},"_coverageSchema":"1a1c01bbd47fc00a2c39e90264f33305004495a9","hash":"75c8f0e257ec5e053d4629a775c36e59db74d710"}
}
