TN:
SF:src\server.js
FN:46,(anonymous_0)
FN:60,(anonymous_1)
FNF:2
FNH:0
FNDA:0,(anonymous_0)
FNDA:0,(anonymous_1)
DA:1,2
DA:2,2
DA:3,2
DA:4,2
DA:5,2
DA:6,2
DA:7,2
DA:8,2
DA:9,2
DA:11,2
DA:13,2
DA:14,2
DA:17,2
DA:20,2
DA:25,2
DA:28,2
DA:34,2
DA:35,2
DA:38,2
DA:39,0
DA:43,2
DA:46,2
DA:47,0
DA:55,2
DA:56,2
DA:59,2
DA:60,0
DA:61,0
DA:62,0
DA:66,2
LF:30
LH:25
BRDA:14,0,0,2
BRDA:14,0,1,0
BRDA:29,1,0,2
BRDA:29,1,1,0
BRDA:38,2,0,0
BRDA:38,2,1,2
BRDA:59,3,0,0
BRDA:59,3,1,2
BRF:8
BRH:4
end_of_record
TN:
SF:src\config\database.js
FN:3,(anonymous_0)
FN:18,(anonymous_1)
FNF:2
FNH:0
FNDA:0,(anonymous_0)
FNDA:0,(anonymous_1)
DA:1,2
DA:3,2
DA:4,0
DA:5,0
DA:10,0
DA:11,0
DA:13,0
DA:14,0
DA:18,2
DA:19,0
DA:20,0
DA:21,0
DA:23,0
DA:27,2
LF:14
LH:4
BRF:0
BRH:0
end_of_record
TN:
SF:src\controllers\bugController.js
FN:7,(anonymous_0)
FN:52,(anonymous_1)
FN:87,(anonymous_2)
FN:125,(anonymous_3)
FN:140,(anonymous_4)
FN:201,(anonymous_5)
FN:216,(anonymous_6)
FNF:7
FNH:1
FNDA:0,(anonymous_0)
FNDA:0,(anonymous_1)
FNDA:4,(anonymous_2)
FNDA:0,(anonymous_3)
FNDA:0,(anonymous_4)
FNDA:0,(anonymous_5)
FNDA:0,(anonymous_6)
DA:1,2
DA:2,2
DA:7,2
DA:8,0
DA:9,0
DA:11,0
DA:12,0
DA:13,0
DA:15,0
DA:18,0
DA:19,0
DA:20,0
DA:22,0
DA:24,0
DA:29,0
DA:31,0
DA:33,0
DA:44,0
DA:45,0
DA:52,2
DA:53,0
DA:54,0
DA:56,0
DA:58,0
DA:59,0
DA:60,0
DA:66,0
DA:68,0
DA:73,0
DA:74,0
DA:75,0
DA:80,0
DA:87,2
DA:88,4
DA:89,4
DA:92,4
DA:103,4
DA:104,4
DA:105,2
DA:106,2
DA:113,2
DA:114,0
DA:116,0
DA:122,2
DA:124,2
DA:125,0
DA:126,0
DA:133,2
DA:140,2
DA:141,0
DA:142,0
DA:145,0
DA:156,0
DA:157,0
DA:158,0
DA:159,0
DA:166,0
DA:175,0
DA:176,0
DA:177,0
DA:183,0
DA:185,0
DA:191,0
DA:193,0
DA:194,0
DA:200,0
DA:201,0
DA:202,0
DA:209,0
DA:216,2
DA:217,0
DA:218,0
DA:220,0
DA:222,0
DA:223,0
DA:224,0
DA:230,0
DA:232,0
DA:237,0
DA:239,0
DA:240,0
DA:246,0
DA:250,2
LF:83
LH:19
BRDA:11,0,0,0
BRDA:11,0,1,0
BRDA:12,1,0,0
BRDA:12,1,1,0
BRDA:18,2,0,0
BRDA:18,2,1,0
BRDA:19,3,0,0
BRDA:19,3,1,0
BRDA:20,4,0,0
BRDA:20,4,1,0
BRDA:58,5,0,0
BRDA:58,5,1,0
BRDA:74,6,0,0
BRDA:74,6,1,0
BRDA:104,7,0,2
BRDA:104,7,1,2
BRDA:124,8,0,0
BRDA:124,8,1,2
BRDA:157,9,0,0
BRDA:157,9,1,0
BRDA:175,10,0,0
BRDA:175,10,1,0
BRDA:193,11,0,0
BRDA:193,11,1,0
BRDA:200,12,0,0
BRDA:200,12,1,0
BRDA:222,13,0,0
BRDA:222,13,1,0
BRDA:239,14,0,0
BRDA:239,14,1,0
BRF:30
BRH:3
end_of_record
TN:
SF:src\middleware\errorHandler.js
FN:1,(anonymous_0)
FN:31,(anonymous_1)
FNF:2
FNH:1
FNDA:2,(anonymous_0)
FNDA:0,(anonymous_1)
DA:1,2
DA:2,2
DA:4,2
DA:5,2
DA:8,2
DA:18,2
DA:19,0
DA:20,0
DA:24,2
DA:25,0
DA:26,0
DA:30,2
DA:31,0
DA:32,0
DA:35,2
DA:42,2
LF:16
LH:10
BRDA:18,0,0,0
BRDA:18,0,1,2
BRDA:24,1,0,0
BRDA:24,1,1,2
BRDA:30,2,0,0
BRDA:30,2,1,2
BRDA:35,3,0,2
BRDA:35,3,1,2
BRDA:37,4,0,2
BRDA:37,4,1,0
BRDA:38,5,0,2
BRDA:38,5,1,0
BRF:12
BRH:7
end_of_record
TN:
SF:src\middleware\notFound.js
FN:1,(anonymous_0)
FNF:1
FNH:0
FNDA:0,(anonymous_0)
DA:1,2
DA:2,0
DA:4,0
DA:5,0
DA:6,0
DA:9,2
LF:6
LH:2
BRF:0
BRH:0
end_of_record
TN:
SF:src\models\Bug.js
FNF:0
FNH:0
DA:1,2
DA:3,2
DA:69,2
DA:70,2
DA:71,2
DA:72,2
DA:74,2
LF:7
LH:7
BRF:0
BRH:0
end_of_record
TN:
SF:src\routes\bugRoutes.js
FNF:0
FNH:0
DA:1,2
DA:8,2
DA:10,2
DA:12,2
DA:16,2
DA:21,2
LF:6
LH:6
BRF:0
BRH:0
end_of_record
TN:
SF:src\utils\validation.js
FN:1,(anonymous_0)
FN:42,sanitizeInput
FNF:2
FNH:2
FNDA:9,(anonymous_0)
FNDA:29,sanitizeInput
DA:1,3
DA:2,9
DA:5,9
DA:6,2
DA:7,7
DA:8,1
DA:12,9
DA:13,2
DA:14,7
DA:15,0
DA:19,9
DA:20,9
DA:21,1
DA:25,9
DA:26,9
DA:27,0
DA:31,9
DA:32,9
DA:33,0
DA:36,9
DA:43,29
DA:46,22
DA:49,22
DA:52,22
DA:55,22
DA:58,3
LF:26
LH:23
BRDA:5,0,0,2
BRDA:5,0,1,7
BRDA:5,1,0,9
BRDA:5,1,1,7
BRDA:7,2,0,1
BRDA:7,2,1,6
BRDA:12,3,0,2
BRDA:12,3,1,7
BRDA:12,4,0,9
BRDA:12,4,1,7
BRDA:14,5,0,0
BRDA:14,5,1,7
BRDA:20,6,0,1
BRDA:20,6,1,8
BRDA:20,7,0,9
BRDA:20,7,1,6
BRDA:26,8,0,0
BRDA:26,8,1,9
BRDA:26,9,0,9
BRDA:26,9,1,5
BRDA:32,10,0,0
BRDA:32,10,1,9
BRDA:32,11,0,9
BRDA:32,11,1,5
BRDA:43,12,0,7
BRDA:43,12,1,22
BRF:26
BRH:23
end_of_record
